06/01/16 13:46:26.419 10.1.3.0.0 Started
06/01/16 13:47:24.403 SRDemo-UserInterface-webapp: 10.1.3.0.0 Started
06/01/16 18:17:02.305 SRDemo-UserInterface-webapp: 10.1.3.0.0 Stopped
06/01/16 18:17:28.42 10.1.3.0.0 Started
06/01/16 18:18:54.306 SRDemo-UserInterface-webapp: 10.1.3.0.0 Started
06/01/17 09:27:46.87 10.1.3.0.0 Started
06/01/17 09:29:05.952 SRDemo-UserInterface-webapp: 10.1.3.0.0 Started
06/01/17 14:33:03.56 10.1.3.0.0 Started
06/01/17 14:33:36.985 SRDemo-UserInterface-webapp: 10.1.3.0.0 Started
06/01/17 14:35:28.295 SRDemo-UserInterface-webapp: 10.1.3.0.0 Stopped
06/01/17 14:35:29.506 10.1.3.0.0 Started
06/01/17 14:35:50.507 SRDemo-UserInterface-webapp: 10.1.3.0.0 Started
06/01/17 14:36:57.763 SRDemo-UserInterface-webapp: 10.1.3.0.0 Stopped
06/01/17 14:36:58.765 10.1.3.0.0 Started
06/01/17 14:37:13.786 SRDemo-UserInterface-webapp: 10.1.3.0.0 Started
06/01/17 17:04:26.517 10.1.3.0.0 Started
06/01/17 17:04:54.157 SRDemo-UserInterface-webapp: 10.1.3.0.0 Started
06/01/17 17:06:59.497 SRDemo-UserInterface-webapp: 10.1.3.0.0 Stopped
06/01/17 17:07:00.979 10.1.3.0.0 Started
06/01/17 17:07:17.984 SRDemo-UserInterface-webapp: 10.1.3.0.0 Started
06/01/17 17:11:00.834 SRDemo-UserInterface-webapp: 10.1.3.0.0 Stopped
06/01/17 17:11:02.226 10.1.3.0.0 Started
06/01/17 17:11:19.151 SRDemo-UserInterface-webapp: 10.1.3.0.0 Started
06/01/17 17:29:45.341 SRDemo-UserInterface-webapp: 10.1.3.0.0 Stopped
06/01/17 17:29:45.962 10.1.3.0.0 Started
06/01/17 17:30:08.855 SRDemo-UserInterface-webapp: 10.1.3.0.0 Started
06/01/17 17:48:14.606 SRDemo-UserInterface-webapp: 10.1.3.0.0 Stopped
06/01/17 17:48:17.30 10.1.3.0.0 Started
06/01/17 17:48:41.845 SRDemo-UserInterface-webapp: 10.1.3.0.0 Started
06/01/19 13:49:51.675 10.1.3.0.0 Started
06/01/19 13:50:00.878 SRDemo-UserInterface-webapp: 10.1.3.0.0 Started
06/01/22 21:19:30.915 10.1.3.0.0 Started
06/01/22 21:19:51.595 SRDemo-UserInterface-webapp: 10.1.3.0.0 Started
06/01/22 21:20:06.486 SRDemo-UserInterface-webapp: JspServlet: unable to dispatch to requested page: java.io.FileNotFoundException: D:\curriculum\workshops\adfSource\starterApp\rescueMe\SRDemo-EndOfChapter7\SRDemo-EndOfChapter7\SRDemo\UserInterface\public_html\app\staff\SREdit.jspx (The system cannot find the file specified.
)
	at java.io.FileInputStream.open(Native Method)
	at java.io.FileInputStream.<init>(FileInputStream.java:106)
	at java.io.FileInputStream.<init>(FileInputStream.java:66)
	at oracle.jsp.provider.JspFilesystemResource.fromStream(JspFilesystemResource.java:149)
	at oracle.jsp.parse.XMLUtil.getFromStream(XMLUtil.java:227)
	at oracle.jsp.runtimev2.JspPageCompiler.compilePage(JspPageCompiler.java:341)
	at oracle.jsp.runtimev2.JspPageInfo.compileAndLoad(JspPageInfo.java:610)
	at oracle.jsp.runtimev2.JspPageTable.compileAndServe(JspPageTable.java:634)
	at oracle.jsp.runtimev2.JspPageTable.service(JspPageTable.java:370)
	at oracle.jsp.runtimev2.JspServlet.internalService(JspServlet.java:478)
	at oracle.jsp.runtimev2.JspServlet.service(JspServlet.java:401)
	at javax.servlet.http.HttpServlet.service(HttpServlet.java:856)
	at com.evermind.server.http.ServletRequestDispatcher.invoke(ServletRequestDispatcher.java:719)
	at com.evermind.server.http.ServletRequestDispatcher.forwardInternal(ServletRequestDispatcher.java:376)
	at com.evermind.server.http.ServletRequestDispatcher.unprivileged_forward(ServletRequestDispatcher.java:298)
	at com.evermind.server.http.ServletRequestDispatcher.access$100(ServletRequestDispatcher.java:42)
	at com.evermind.server.http.ServletRequestDispatcher$2.oc4jRun(ServletRequestDispatcher.java:205)
	at oracle.oc4j.security.OC4JSecurity.doPrivileged(OC4JSecurity.java:283)
	at com.evermind.server.http.ServletRequestDispatcher.forward(ServletRequestDispatcher.java:209)
	at com.sun.faces.context.ExternalContextImpl.dispatch(ExternalContextImpl.java:322)
	at com.sun.faces.application.ViewHandlerImpl.renderView(ViewHandlerImpl.java:130)
	at oracle.adfinternal.view.faces.application.ViewHandlerImpl.renderView(ViewHandlerImpl.java:157)
	at com.sun.faces.lifecycle.RenderResponsePhase.execute(RenderResponsePhase.java:87)
	at com.sun.faces.lifecycle.LifecycleImpl.phase(LifecycleImpl.java:200)
	at com.sun.faces.lifecycle.LifecycleImpl.render(LifecycleImpl.java:117)
	at javax.faces.webapp.FacesServlet.service(FacesServlet.java:198)
	at com.evermind.server.http.ResourceFilterChain.doFilter(ResourceFilterChain.java:64)
	at oracle.adfinternal.view.faces.webapp.AdfFacesFilterImpl._invokeDoFilter(AdfFacesFilterImpl.java:367)
	at oracle.adfinternal.view.faces.webapp.AdfFacesFilterImpl._doFilterImpl(AdfFacesFilterImpl.java:336)
	at oracle.adfinternal.view.faces.webapp.AdfFacesFilterImpl.doFilter(AdfFacesFilterImpl.java:196)
	at oracle.adf.view.faces.webapp.AdfFacesFilter.doFilter(AdfFacesFilter.java:87)
	at com.evermind.server.http.EvermindFilterChain.doFilter(EvermindFilterChain.java:15)
	at oracle.adf.model.servlet.ADFBindingFilter.doFilter(ADFBindingFilter.java:332)
	at com.evermind.server.http.ServletRequestDispatcher.invoke(ServletRequestDispatcher.java:627)
	at com.evermind.server.http.ServletRequestDispatcher.forwardInternal(ServletRequestDispatcher.java:376)
	at com.evermind.server.http.HttpRequestHandler.doProcessRequest(HttpRequestHandler.java:870)
	at com.evermind.server.http.HttpRequestHandler.processRequest(HttpRequestHandler.java:451)
	at com.evermind.server.http.HttpRequestHandler.serveOneRequest(HttpRequestHandler.java:218)
	at com.evermind.server.http.HttpRequestHandler.run(HttpRequestHandler.java:119)
	at com.evermind.server.http.HttpRequestHandler.run(HttpRequestHandler.java:112)
	at oracle.oc4j.network.ServerSocketReadHandler$SafeRunnable.run(ServerSocketReadHandler.java:260)
	at oracle.oc4j.network.ServerSocketAcceptHandler.procClientSocket(ServerSocketAcceptHandler.java:230)
	at oracle.oc4j.network.ServerSocketAcceptHandler.access$800(ServerSocketAcceptHandler.java:33)
	at oracle.oc4j.network.ServerSocketAcceptHandler$AcceptHandlerHorse.run(ServerSocketAcceptHandler.java:831)
	at com.evermind.util.ReleasableResourcePooledExecutor$MyWorker.run(ReleasableResourcePooledExecutor.java:303)
	at java.lang.Thread.run(Thread.java:595)

