06/01/16 13:46:26.419 10.1.3.0.0 Started
06/01/16 13:47:24.403 SRDemo-UserInterface-webapp: 10.1.3.0.0 Started
06/01/16 18:17:02.305 SRDemo-UserInterface-webapp: 10.1.3.0.0 Stopped
06/01/16 18:17:28.42 10.1.3.0.0 Started
06/01/16 18:18:54.306 SRDemo-UserInterface-webapp: 10.1.3.0.0 Started
06/01/17 09:27:46.87 10.1.3.0.0 Started
06/01/17 09:29:05.952 SRDemo-UserInterface-webapp: 10.1.3.0.0 Started
06/01/17 14:33:03.56 10.1.3.0.0 Started
06/01/17 14:33:36.985 SRDemo-UserInterface-webapp: 10.1.3.0.0 Started
06/01/17 14:35:28.295 SRDemo-UserInterface-webapp: 10.1.3.0.0 Stopped
06/01/17 14:35:29.506 10.1.3.0.0 Started
06/01/17 14:35:50.507 SRDemo-UserInterface-webapp: 10.1.3.0.0 Started
06/01/17 14:36:57.763 SRDemo-UserInterface-webapp: 10.1.3.0.0 Stopped
06/01/17 14:36:58.765 10.1.3.0.0 Started
06/01/17 14:37:13.786 SRDemo-UserInterface-webapp: 10.1.3.0.0 Started
06/01/17 17:04:26.517 10.1.3.0.0 Started
06/01/17 17:04:54.157 SRDemo-UserInterface-webapp: 10.1.3.0.0 Started
06/01/17 17:06:59.497 SRDemo-UserInterface-webapp: 10.1.3.0.0 Stopped
06/01/17 17:07:00.979 10.1.3.0.0 Started
06/01/17 17:07:17.984 SRDemo-UserInterface-webapp: 10.1.3.0.0 Started
06/01/17 17:11:00.834 SRDemo-UserInterface-webapp: 10.1.3.0.0 Stopped
06/01/17 17:11:02.226 10.1.3.0.0 Started
06/01/17 17:11:19.151 SRDemo-UserInterface-webapp: 10.1.3.0.0 Started
06/01/17 17:29:45.341 SRDemo-UserInterface-webapp: 10.1.3.0.0 Stopped
06/01/17 17:29:45.962 10.1.3.0.0 Started
06/01/17 17:30:08.855 SRDemo-UserInterface-webapp: 10.1.3.0.0 Started
06/01/17 17:48:14.606 SRDemo-UserInterface-webapp: 10.1.3.0.0 Stopped
06/01/17 17:48:17.30 10.1.3.0.0 Started
06/01/17 17:48:41.845 SRDemo-UserInterface-webapp: 10.1.3.0.0 Started
06/01/19 09:53:18.759 10.1.3.0.0 Started
06/01/19 09:53:45.127 SRDemo-UserInterface-webapp: 10.1.3.0.0 Started
06/01/19 11:28:27.789 SRDemo-UserInterface-webapp: 10.1.3.0.0 Stopped
06/01/19 11:28:33.737 10.1.3.0.0 Started
06/01/19 11:29:09.278 SRDemo-UserInterface-webapp: 10.1.3.0.0 Started
06/01/19 11:35:04.970 10.1.3.0.0 Started
06/01/19 11:35:29.515 SRDemo-UserInterface-webapp: 10.1.3.0.0 Started
06/01/19 11:43:57.626 10.1.3.0.0 Started
06/01/19 11:44:13.929 SRDemo-UserInterface-webapp: 10.1.3.0.0 Started
06/01/19 11:47:47.917 SRDemo-UserInterface-webapp: 10.1.3.0.0 Stopped
06/01/19 11:47:48.798 10.1.3.0.0 Started
06/01/19 11:48:00.645 SRDemo-UserInterface-webapp: 10.1.3.0.0 Started
06/01/19 12:02:27.151 10.1.3.0.0 Started
06/01/19 12:02:41.902 SRDemo-UserInterface-webapp: 10.1.3.0.0 Started
06/01/19 12:03:13.308 SRDemo-UserInterface-webapp: Servlet error
java.util.ConcurrentModificationException
	at java.util.AbstractList$Itr.checkForComodification(AbstractList.java:449)
	at java.util.AbstractList$Itr.next(AbstractList.java:420)
	at oracle.toplink.indirection.IndirectList$1.next(IndirectList.java:410)
	at oracle.toplink.indirection.IndirectList$1.next(IndirectList.java:410)
	at oracle.adf.model.generic.DCRowSetIteratorImpl.bringRows(DCRowSetIteratorImpl.java:507)
	at oracle.adf.model.generic.DCRowSetIteratorImpl.getRowAtAbsoluteIndex(DCRowSetIteratorImpl.java:1031)
	at oracle.adf.model.generic.DCRowSetIteratorImpl.getRowAtRangeIndex(DCRowSetIteratorImpl.java:1002)
	at oracle.adfinternal.view.faces.model.binding.FacesCtrlRangeBinding$FacesModel._bringInToRange(FacesCtrlRangeBinding.java:541)
	at oracle.adfinternal.view.faces.model.binding.FacesCtrlRangeBinding$FacesModel.setRowIndex(FacesCtrlRangeBinding.java:504)
	at oracle.adf.view.faces.component.UIXCollection.setRowIndex(UIXCollection.java:378)
	at oracle.adfinternal.view.faces.renderkit.core.xhtml.table.TableUtils$RowLoop.loop(TableUtils.java:85)
	at oracle.adfinternal.view.faces.renderkit.core.xhtml.table.TableUtils$RowLoop.run(TableUtils.java:58)
	at oracle.adfinternal.view.faces.renderkit.core.xhtml.DesktopTableRenderer._renderTableRows(DesktopTableRenderer.java:954)
	at oracle.adfinternal.view.faces.renderkit.core.xhtml.DesktopTableRenderer.renderTableRows(DesktopTableRenderer.java:690)
	at oracle.adfinternal.view.faces.renderkit.core.xhtml.DesktopTableRenderer.renderTableContent(DesktopTableRenderer.java:365)
	at oracle.adfinternal.view.faces.renderkit.core.xhtml.TableRenderer.encodeAll(TableRenderer.java:235)
	at oracle.adfinternal.view.faces.renderkit.core.xhtml.DesktopTableRenderer.encodeAll(DesktopTableRenderer.java:79)
	at oracle.adfinternal.view.faces.renderkit.core.CoreRenderer.encodeEnd(CoreRenderer.java:159)
	at oracle.adf.view.faces.component.UIXComponentBase.encodeEnd(UIXComponentBase.java:624)
	at oracle.adf.view.faces.component.UIXCollection.encodeEnd(UIXCollection.java:438)
	at oracle.adfinternal.view.faces.uinode.UIComponentUINode._renderComponent(UIComponentUINode.java:317)
	at oracle.adfinternal.view.faces.uinode.UIComponentUINode.render(UIComponentUINode.java:262)
	at oracle.adfinternal.view.faces.uinode.UIComponentUINode.render(UIComponentUINode.java:240)
	at oracle.adfinternal.view.faces.ui.BaseRenderer.renderChild(BaseRenderer.java:412)
	at oracle.adfinternal.view.faces.ui.laf.base.xhtml.RowLayoutRenderer.renderChild(RowLayoutRenderer.java:90)
	at oracle.adfinternal.view.faces.ui.BaseRenderer.renderIndexedChild(BaseRenderer.java:330)
	at oracle.adfinternal.view.faces.ui.BaseRenderer.renderIndexedChild(BaseRenderer.java:222)
	at oracle.adfinternal.view.faces.ui.BaseRenderer.renderContent(BaseRenderer.java:129)
	at oracle.adfinternal.view.faces.ui.BaseRenderer.render(BaseRenderer.java:81)
	at oracle.adfinternal.view.faces.ui.laf.base.xhtml.XhtmlLafRenderer.render(XhtmlLafRenderer.java:67)
	at oracle.adfinternal.view.faces.uinode.UIXComponentUINode.renderInternal(UIXComponentUINode.java:177)
	at oracle.adfinternal.view.faces.uinode.UINodeRendererBase.encodeEnd(UINodeRendererBase.java:53)
	at oracle.adf.view.faces.component.UIXComponentBase.encodeEnd(UIXComponentBase.java:624)
	at oracle.adfinternal.view.faces.uinode.UIComponentUINode._renderComponent(UIComponentUINode.java:317)
	at oracle.adfinternal.view.faces.uinode.UIComponentUINode.render(UIComponentUINode.java:262)
	at oracle.adfinternal.view.faces.uinode.UIComponentUINode.render(UIComponentUINode.java:240)
	at oracle.adfinternal.view.faces.ui.BaseRenderer.renderChild(BaseRenderer.java:412)
	at oracle.adfinternal.view.faces.ui.BaseRenderer.renderIndexedChild(BaseRenderer.java:330)
	at oracle.adfinternal.view.faces.ui.BaseRenderer.renderIndexedChild(BaseRenderer.java:222)
	at oracle.adfinternal.view.faces.ui.BaseRenderer.renderContent(BaseRenderer.java:129)
	at oracle.adfinternal.view.faces.ui.BaseRenderer.render(BaseRenderer.java:81)
	at oracle.adfinternal.view.faces.ui.laf.base.xhtml.XhtmlLafRenderer.render(XhtmlLafRenderer.java:67)
	at oracle.adfinternal.view.faces.uinode.UIXComponentUINode.renderInternal(UIXComponentUINode.java:177)
	at oracle.adfinternal.view.faces.uinode.UINodeRendererBase.encodeEnd(UINodeRendererBase.java:53)
	at oracle.adf.view.faces.component.UIXComponentBase.encodeEnd(UIXComponentBase.java:624)
	at oracle.adfinternal.view.faces.uinode.UIComponentUINode._renderComponent(UIComponentUINode.java:317)
	at oracle.adfinternal.view.faces.uinode.UIComponentUINode.render(UIComponentUINode.java:262)
	at oracle.adfinternal.view.faces.uinode.UIComponentUINode.render(UIComponentUINode.java:240)
	at oracle.adfinternal.view.faces.ui.composite.ContextPoppingUINode$ContextPoppingRenderer.render(ContextPoppingUINode.java:224)
	at oracle.adfinternal.view.faces.ui.BaseUINode.render(BaseUINode.java:346)
	at oracle.adfinternal.view.faces.ui.BaseUINode.render(BaseUINode.java:301)
	at oracle.adfinternal.view.faces.ui.BaseRenderer.renderChild(BaseRenderer.java:412)
	at oracle.adfinternal.view.faces.ui.BaseRenderer.renderIndexedChild(BaseRenderer.java:330)
	at oracle.adfinternal.view.faces.ui.BaseRenderer.renderIndexedChild(BaseRenderer.java:222)
	at oracle.adfinternal.view.faces.ui.BaseRenderer.renderContent(BaseRenderer.java:129)
	at oracle.adfinternal.view.faces.ui.BaseRenderer.render(BaseRenderer.java:81)
	at oracle.adfinternal.view.faces.ui.laf.base.xhtml.XhtmlLafRenderer.render(XhtmlLafRenderer.java:67)
	at oracle.adfinternal.view.faces.ui.BaseUINode.render(BaseUINode.java:346)
	at oracle.adfinternal.view.faces.ui.BaseUINode.render(BaseUINode.java:301)
	at oracle.adfinternal.view.faces.ui.BaseRenderer.renderChild(BaseRenderer.java:412)
	at oracle.adfinternal.view.faces.ui.BaseRenderer.renderIndexedChild(BaseRenderer.java:330)
	at oracle.adfinternal.view.faces.ui.BaseRenderer.renderIndexedChild(BaseRenderer.java:222)
	at oracle.adfinternal.view.faces.ui.BaseRenderer.renderContent(BaseRenderer.java:129)
	at oracle.adfinternal.view.faces.ui.laf.oracle.desktop.HeaderRenderer.renderContent(HeaderRenderer.java:482)
	at oracle.adfinternal.view.faces.ui.BaseRenderer.render(BaseRenderer.java:81)
	at oracle.adfinternal.view.faces.ui.laf.base.xhtml.XhtmlLafRenderer.render(XhtmlLafRenderer.java:67)
	at oracle.adfinternal.view.faces.ui.BaseUINode.render(BaseUINode.java:346)
	at oracle.adfinternal.view.faces.ui.BaseUINode.render(BaseUINode.java:301)
	at oracle.adfinternal.view.faces.ui.BaseRenderer.renderChild(BaseRenderer.java:412)
	at oracle.adfinternal.view.faces.ui.BaseRenderer.renderIndexedChild(BaseRenderer.java:330)
	at oracle.adfinternal.view.faces.ui.BaseRenderer.renderIndexedChild(BaseRenderer.java:222)
	at oracle.adfinternal.view.faces.ui.BaseRenderer.renderContent(BaseRenderer.java:129)
	at oracle.adfinternal.view.faces.ui.laf.base.xhtml.BorderLayoutRenderer.renderIndexedChildren(BorderLayoutRenderer.java:43)
	at oracle.adfinternal.view.faces.ui.laf.base.xhtml.BorderLayoutRenderer.renderContent(BorderLayoutRenderer.java:71)
	at oracle.adfinternal.view.faces.ui.BaseRenderer.render(BaseRenderer.java:81)
	at oracle.adfinternal.view.faces.ui.laf.base.xhtml.XhtmlLafRenderer.render(XhtmlLafRenderer.java:67)
	at oracle.adfinternal.view.faces.ui.BaseUINode.render(BaseUINode.java:346)
	at oracle.adfinternal.view.faces.ui.BaseUINode.render(BaseUINode.java:301)
	at oracle.adfinternal.view.faces.ui.BaseRenderer.renderChild(BaseRenderer.java:412)
	at oracle.adfinternal.view.faces.ui.BaseRenderer.renderIndexedChild(BaseRenderer.java:330)
	at oracle.adfinternal.view.faces.ui.BaseRenderer.renderIndexedChild(BaseRenderer.java:222)
	at oracle.adfinternal.view.faces.ui.BaseRenderer.renderContent(BaseRenderer.java:129)
	at oracle.adfinternal.view.faces.ui.BaseRenderer.render(BaseRenderer.java:81)
	at oracle.adfinternal.view.faces.ui.laf.base.xhtml.XhtmlLafRenderer.render(XhtmlLafRenderer.java:67)
	at oracle.adfinternal.view.faces.ui.BaseUINode.render(BaseUINode.java:346)
	at oracle.adfinternal.view.faces.ui.BaseUINode.render(BaseUINode.java:301)
	at oracle.adfinternal.view.faces.ui.composite.UINodeRenderer.renderWithNode(UINodeRenderer.java:90)
	at oracle.adfinternal.view.faces.ui.composite.UINodeRenderer.render(UINodeRenderer.java:39)
	at oracle.adfinternal.view.faces.ui.laf.oracle.desktop.PageLayoutRenderer.render(PageLayoutRenderer.java:78)
	at oracle.adfinternal.view.faces.uinode.UIXComponentUINode.renderInternal(UIXComponentUINode.java:177)
	at oracle.adfinternal.view.faces.uinode.UINodeRendererBase.encodeEnd(UINodeRendererBase.java:53)
	at oracle.adf.view.faces.component.UIXComponentBase.encodeEnd(UIXComponentBase.java:624)
	at oracle.adfinternal.view.faces.renderkit.RenderUtils.encodeRecursive(RenderUtils.java:54)
	at oracle.adfinternal.view.faces.renderkit.core.CoreRenderer.encodeChild(CoreRenderer.java:232)
	at oracle.adfinternal.view.faces.renderkit.core.CoreRenderer.encodeAllChildren(CoreRenderer.java:255)
	at oracle.adfinternal.view.faces.renderkit.core.xhtml.PanelPartialRootRenderer.renderContent(PanelPartialRootRenderer.java:66)
	at oracle.adfinternal.view.faces.renderkit.core.xhtml.BodyRenderer.renderContent(BodyRenderer.java:117)
	at oracle.adfinternal.view.faces.renderkit.core.xhtml.PanelPartialRootRenderer.encodeAll(PanelPartialRootRenderer.java:102)
	at oracle.adfinternal.view.faces.renderkit.core.xhtml.BodyRenderer.encodeAll(BodyRenderer.java:60)
	at oracle.adfinternal.view.faces.renderkit.core.CoreRenderer.encodeEnd(CoreRenderer.java:159)
	at oracle.adf.view.faces.component.UIXComponentBase.encodeEnd(UIXComponentBase.java:624)
	at javax.faces.webapp.UIComponentTag.encodeEnd(UIComponentTag.java:623)
	at javax.faces.webapp.UIComponentTag.doEndTag(UIComponentTag.java:546)
	at oracle.adf.view.faces.webapp.UIXComponentTag.doEndTag(UIXComponentTag.java:100)
	at _app._SRMain_jspx._jspService(_SRMain_jspx.java:860)
	at com.orionserver[Oracle Containers for J2EE 10g (10.1.3.0.0) ].http.OrionHttpJspPage.service(OrionHttpJspPage.java:60)
	at oracle.jsp.runtimev2.JspPageTable.service(JspPageTable.java:416)
	at oracle.jsp.runtimev2.JspServlet.internalService(JspServlet.java:478)
	at oracle.jsp.runtimev2.JspServlet.service(JspServlet.java:401)
	at javax.servlet.http.HttpServlet.service(HttpServlet.java:856)
	at com.evermind[Oracle Containers for J2EE 10g (10.1.3.0.0) ].server.http.ServletRequestDispatcher.invoke(ServletRequestDispatcher.java:729)
	at com.evermind[Oracle Containers for J2EE 10g (10.1.3.0.0) ].server.http.ServletRequestDispatcher.forwardInternal(ServletRequestDispatcher.java:386)
	at com.evermind[Oracle Containers for J2EE 10g (10.1.3.0.0) ].server.http.ServletRequestDispatcher.unprivileged_forward(ServletRequestDispatcher.java:308)
	at com.evermind[Oracle Containers for J2EE 10g (10.1.3.0.0) ].server.http.ServletRequestDispatcher.access$100(ServletRequestDispatcher.java:50)
	at com.evermind[Oracle Containers for J2EE 10g (10.1.3.0.0) ].server.http.ServletRequestDispatcher$2.oc4jRun(ServletRequestDispatcher.java:215)
	at oracle.oc4j.security.OC4JSecurity.doPrivileged(OC4JSecurity.java:283)
	at com.evermind[Oracle Containers for J2EE 10g (10.1.3.0.0) ].server.http.ServletRequestDispatcher.forward(ServletRequestDispatcher.java:219)
	at com.sun.faces.context.ExternalContextImpl.dispatch(ExternalContextImpl.java:322)
	at com.sun.faces.application.ViewHandlerImpl.renderView(ViewHandlerImpl.java:130)
	at oracle.adfinternal.view.faces.application.ViewHandlerImpl.renderView(ViewHandlerImpl.java:157)
	at com.sun.faces.lifecycle.RenderResponsePhase.execute(RenderResponsePhase.java:87)
	at com.sun.faces.lifecycle.LifecycleImpl.phase(LifecycleImpl.java:200)
	at com.sun.faces.lifecycle.LifecycleImpl.render(LifecycleImpl.java:117)
	at javax.faces.webapp.FacesServlet.service(FacesServlet.java:198)
	at com.evermind[Oracle Containers for J2EE 10g (10.1.3.0.0) ].server.http.ResourceFilterChain.doFilter(ResourceFilterChain.java:64)
	at oracle.adfinternal.view.faces.webapp.AdfFacesFilterImpl._invokeDoFilter(AdfFacesFilterImpl.java:367)
	at oracle.adfinternal.view.faces.webapp.AdfFacesFilterImpl._doFilterImpl(AdfFacesFilterImpl.java:336)
	at oracle.adfinternal.view.faces.webapp.AdfFacesFilterImpl.doFilter(AdfFacesFilterImpl.java:196)
	at oracle.adf.view.faces.webapp.AdfFacesFilter.doFilter(AdfFacesFilter.java:87)
	at com.evermind[Oracle Containers for J2EE 10g (10.1.3.0.0) ].server.http.EvermindFilterChain.doFilter(EvermindFilterChain.java:15)
	at oracle.adf.model.servlet.ADFBindingFilter.doFilter(ADFBindingFilter.java:332)
	at com.evermind[Oracle Containers for J2EE 10g (10.1.3.0.0) ].server.http.ServletRequestDispatcher.invoke(ServletRequestDispatcher.java:637)
	at com.evermind[Oracle Containers for J2EE 10g (10.1.3.0.0) ].server.http.ServletRequestDispatcher.forwardInternal(ServletRequestDispatcher.java:386)
	at com.evermind[Oracle Containers for J2EE 10g (10.1.3.0.0) ].server.http.HttpRequestHandler.doProcessRequest(HttpRequestHandler.java:879)
	at com.evermind[Oracle Containers for J2EE 10g (10.1.3.0.0) ].server.http.HttpRequestHandler.processRequest(HttpRequestHandler.java:451)
	at com.evermind[Oracle Containers for J2EE 10g (10.1.3.0.0) ].server.http.HttpRequestHandler.serveOneRequest(HttpRequestHandler.java:218)
	at com.evermind[Oracle Containers for J2EE 10g (10.1.3.0.0) ].server.http.HttpRequestHandler.run(HttpRequestHandler.java:119)
	at com.evermind[Oracle Containers for J2EE 10g (10.1.3.0.0) ].server.http.HttpRequestHandler.run(HttpRequestHandler.java:112)
	at oracle.oc4j.network.ServerSocketReadHandler$SafeRunnable.run(ServerSocketReadHandler.java:260)
	at oracle.oc4j.network.ServerSocketAcceptHandler.procClientSocket(ServerSocketAcceptHandler.java:230)
	at oracle.oc4j.network.ServerSocketAcceptHandler.access$800(ServerSocketAcceptHandler.java:33)
	at oracle.oc4j.network.ServerSocketAcceptHandler$AcceptHandlerHorse.run(ServerSocketAcceptHandler.java:831)
	at com.evermind[Oracle Containers for J2EE 10g (10.1.3.0.0) ].util.ReleasableResourcePooledExecutor$MyWorker.run(ReleasableResourcePooledExecutor.java:303)
	at java.lang.Thread.run(Thread.java:595)
06/01/19 12:03:28.750 SRDemo-UserInterface-webapp: Servlet error
java.util.ConcurrentModificationException
	at java.util.AbstractList$Itr.checkForComodification(AbstractList.java:449)
	at java.util.AbstractList$Itr.next(AbstractList.java:420)
	at oracle.toplink.indirection.IndirectList$1.next(IndirectList.java:410)
	at oracle.toplink.indirection.IndirectList$1.next(IndirectList.java:410)
	at oracle.adf.model.generic.DCRowSetIteratorImpl.bringRows(DCRowSetIteratorImpl.java:507)
	at oracle.adf.model.generic.DCRowSetIteratorImpl.getRowAtAbsoluteIndex(DCRowSetIteratorImpl.java:1031)
	at oracle.adf.model.generic.DCRowSetIteratorImpl.getRowAtRangeIndex(DCRowSetIteratorImpl.java:1002)
	at oracle.adfinternal.view.faces.model.binding.FacesCtrlRangeBinding$FacesModel._bringInToRange(FacesCtrlRangeBinding.java:541)
	at oracle.adfinternal.view.faces.model.binding.FacesCtrlRangeBinding$FacesModel.setRowIndex(FacesCtrlRangeBinding.java:504)
	at oracle.adf.view.faces.component.UIXCollection.setRowIndex(UIXCollection.java:378)
	at oracle.adfinternal.view.faces.renderkit.core.xhtml.table.TableUtils$RowLoop.loop(TableUtils.java:85)
	at oracle.adfinternal.view.faces.renderkit.core.xhtml.table.TableUtils$RowLoop.run(TableUtils.java:58)
	at oracle.adfinternal.view.faces.renderkit.core.xhtml.DesktopTableRenderer._renderTableRows(DesktopTableRenderer.java:954)
	at oracle.adfinternal.view.faces.renderkit.core.xhtml.DesktopTableRenderer.renderTableRows(DesktopTableRenderer.java:690)
	at oracle.adfinternal.view.faces.renderkit.core.xhtml.DesktopTableRenderer.renderTableContent(DesktopTableRenderer.java:365)
	at oracle.adfinternal.view.faces.renderkit.core.xhtml.TableRenderer.encodeAll(TableRenderer.java:235)
	at oracle.adfinternal.view.faces.renderkit.core.xhtml.DesktopTableRenderer.encodeAll(DesktopTableRenderer.java:79)
	at oracle.adfinternal.view.faces.renderkit.core.CoreRenderer.encodeEnd(CoreRenderer.java:159)
	at oracle.adf.view.faces.component.UIXComponentBase.encodeEnd(UIXComponentBase.java:624)
	at oracle.adf.view.faces.component.UIXCollection.encodeEnd(UIXCollection.java:438)
	at oracle.adfinternal.view.faces.uinode.UIComponentUINode._renderComponent(UIComponentUINode.java:317)
	at oracle.adfinternal.view.faces.uinode.UIComponentUINode.render(UIComponentUINode.java:262)
	at oracle.adfinternal.view.faces.uinode.UIComponentUINode.render(UIComponentUINode.java:240)
	at oracle.adfinternal.view.faces.ui.BaseRenderer.renderChild(BaseRenderer.java:412)
	at oracle.adfinternal.view.faces.ui.laf.base.xhtml.RowLayoutRenderer.renderChild(RowLayoutRenderer.java:90)
	at oracle.adfinternal.view.faces.ui.BaseRenderer.renderIndexedChild(BaseRenderer.java:330)
	at oracle.adfinternal.view.faces.ui.BaseRenderer.renderIndexedChild(BaseRenderer.java:222)
	at oracle.adfinternal.view.faces.ui.BaseRenderer.renderContent(BaseRenderer.java:129)
	at oracle.adfinternal.view.faces.ui.BaseRenderer.render(BaseRenderer.java:81)
	at oracle.adfinternal.view.faces.ui.laf.base.xhtml.XhtmlLafRenderer.render(XhtmlLafRenderer.java:67)
	at oracle.adfinternal.view.faces.uinode.UIXComponentUINode.renderInternal(UIXComponentUINode.java:177)
	at oracle.adfinternal.view.faces.uinode.UINodeRendererBase.encodeEnd(UINodeRendererBase.java:53)
	at oracle.adf.view.faces.component.UIXComponentBase.encodeEnd(UIXComponentBase.java:624)
	at oracle.adfinternal.view.faces.uinode.UIComponentUINode._renderComponent(UIComponentUINode.java:317)
	at oracle.adfinternal.view.faces.uinode.UIComponentUINode.render(UIComponentUINode.java:262)
	at oracle.adfinternal.view.faces.uinode.UIComponentUINode.render(UIComponentUINode.java:240)
	at oracle.adfinternal.view.faces.ui.BaseRenderer.renderChild(BaseRenderer.java:412)
	at oracle.adfinternal.view.faces.ui.BaseRenderer.renderIndexedChild(BaseRenderer.java:330)
	at oracle.adfinternal.view.faces.ui.BaseRenderer.renderIndexedChild(BaseRenderer.java:222)
	at oracle.adfinternal.view.faces.ui.BaseRenderer.renderContent(BaseRenderer.java:129)
	at oracle.adfinternal.view.faces.ui.BaseRenderer.render(BaseRenderer.java:81)
	at oracle.adfinternal.view.faces.ui.laf.base.xhtml.XhtmlLafRenderer.render(XhtmlLafRenderer.java:67)
	at oracle.adfinternal.view.faces.uinode.UIXComponentUINode.renderInternal(UIXComponentUINode.java:177)
	at oracle.adfinternal.view.faces.uinode.UINodeRendererBase.encodeEnd(UINodeRendererBase.java:53)
	at oracle.adf.view.faces.component.UIXComponentBase.encodeEnd(UIXComponentBase.java:624)
	at oracle.adfinternal.view.faces.uinode.UIComponentUINode._renderComponent(UIComponentUINode.java:317)
	at oracle.adfinternal.view.faces.uinode.UIComponentUINode.render(UIComponentUINode.java:262)
	at oracle.adfinternal.view.faces.uinode.UIComponentUINode.render(UIComponentUINode.java:240)
	at oracle.adfinternal.view.faces.ui.composite.ContextPoppingUINode$ContextPoppingRenderer.render(ContextPoppingUINode.java:224)
	at oracle.adfinternal.view.faces.ui.BaseUINode.render(BaseUINode.java:346)
	at oracle.adfinternal.view.faces.ui.BaseUINode.render(BaseUINode.java:301)
	at oracle.adfinternal.view.faces.ui.BaseRenderer.renderChild(BaseRenderer.java:412)
	at oracle.adfinternal.view.faces.ui.BaseRenderer.renderIndexedChild(BaseRenderer.java:330)
	at oracle.adfinternal.view.faces.ui.BaseRenderer.renderIndexedChild(BaseRenderer.java:222)
	at oracle.adfinternal.view.faces.ui.BaseRenderer.renderContent(BaseRenderer.java:129)
	at oracle.adfinternal.view.faces.ui.BaseRenderer.render(BaseRenderer.java:81)
	at oracle.adfinternal.view.faces.ui.laf.base.xhtml.XhtmlLafRenderer.render(XhtmlLafRenderer.java:67)
	at oracle.adfinternal.view.faces.ui.BaseUINode.render(BaseUINode.java:346)
	at oracle.adfinternal.view.faces.ui.BaseUINode.render(BaseUINode.java:301)
	at oracle.adfinternal.view.faces.ui.BaseRenderer.renderChild(BaseRenderer.java:412)
	at oracle.adfinternal.view.faces.ui.BaseRenderer.renderIndexedChild(BaseRenderer.java:330)
	at oracle.adfinternal.view.faces.ui.BaseRenderer.renderIndexedChild(BaseRenderer.java:222)
	at oracle.adfinternal.view.faces.ui.BaseRenderer.renderContent(BaseRenderer.java:129)
	at oracle.adfinternal.view.faces.ui.laf.oracle.desktop.HeaderRenderer.renderContent(HeaderRenderer.java:482)
	at oracle.adfinternal.view.faces.ui.BaseRenderer.render(BaseRenderer.java:81)
	at oracle.adfinternal.view.faces.ui.laf.base.xhtml.XhtmlLafRenderer.render(XhtmlLafRenderer.java:67)
	at oracle.adfinternal.view.faces.ui.BaseUINode.render(BaseUINode.java:346)
	at oracle.adfinternal.view.faces.ui.BaseUINode.render(BaseUINode.java:301)
	at oracle.adfinternal.view.faces.ui.BaseRenderer.renderChild(BaseRenderer.java:412)
	at oracle.adfinternal.view.faces.ui.BaseRenderer.renderIndexedChild(BaseRenderer.java:330)
	at oracle.adfinternal.view.faces.ui.BaseRenderer.renderIndexedChild(BaseRenderer.java:222)
	at oracle.adfinternal.view.faces.ui.BaseRenderer.renderContent(BaseRenderer.java:129)
	at oracle.adfinternal.view.faces.ui.laf.base.xhtml.BorderLayoutRenderer.renderIndexedChildren(BorderLayoutRenderer.java:43)
	at oracle.adfinternal.view.faces.ui.laf.base.xhtml.BorderLayoutRenderer.renderContent(BorderLayoutRenderer.java:71)
	at oracle.adfinternal.view.faces.ui.BaseRenderer.render(BaseRenderer.java:81)
	at oracle.adfinternal.view.faces.ui.laf.base.xhtml.XhtmlLafRenderer.render(XhtmlLafRenderer.java:67)
	at oracle.adfinternal.view.faces.ui.BaseUINode.render(BaseUINode.java:346)
	at oracle.adfinternal.view.faces.ui.BaseUINode.render(BaseUINode.java:301)
	at oracle.adfinternal.view.faces.ui.BaseRenderer.renderChild(BaseRenderer.java:412)
	at oracle.adfinternal.view.faces.ui.BaseRenderer.renderIndexedChild(BaseRenderer.java:330)
	at oracle.adfinternal.view.faces.ui.BaseRenderer.renderIndexedChild(BaseRenderer.java:222)
	at oracle.adfinternal.view.faces.ui.BaseRenderer.renderContent(BaseRenderer.java:129)
	at oracle.adfinternal.view.faces.ui.BaseRenderer.render(BaseRenderer.java:81)
	at oracle.adfinternal.view.faces.ui.laf.base.xhtml.XhtmlLafRenderer.render(XhtmlLafRenderer.java:67)
	at oracle.adfinternal.view.faces.ui.BaseUINode.render(BaseUINode.java:346)
	at oracle.adfinternal.view.faces.ui.BaseUINode.render(BaseUINode.java:301)
	at oracle.adfinternal.view.faces.ui.composite.UINodeRenderer.renderWithNode(UINodeRenderer.java:90)
	at oracle.adfinternal.view.faces.ui.composite.UINodeRenderer.render(UINodeRenderer.java:39)
	at oracle.adfinternal.view.faces.ui.laf.oracle.desktop.PageLayoutRenderer.render(PageLayoutRenderer.java:78)
	at oracle.adfinternal.view.faces.uinode.UIXComponentUINode.renderInternal(UIXComponentUINode.java:177)
	at oracle.adfinternal.view.faces.uinode.UINodeRendererBase.encodeEnd(UINodeRendererBase.java:53)
	at oracle.adf.view.faces.component.UIXComponentBase.encodeEnd(UIXComponentBase.java:624)
	at oracle.adfinternal.view.faces.renderkit.RenderUtils.encodeRecursive(RenderUtils.java:54)
	at oracle.adfinternal.view.faces.renderkit.core.CoreRenderer.encodeChild(CoreRenderer.java:232)
	at oracle.adfinternal.view.faces.renderkit.core.CoreRenderer.encodeAllChildren(CoreRenderer.java:255)
	at oracle.adfinternal.view.faces.renderkit.core.xhtml.PanelPartialRootRenderer.renderContent(PanelPartialRootRenderer.java:66)
	at oracle.adfinternal.view.faces.renderkit.core.xhtml.BodyRenderer.renderContent(BodyRenderer.java:117)
	at oracle.adfinternal.view.faces.renderkit.core.xhtml.PanelPartialRootRenderer.encodeAll(PanelPartialRootRenderer.java:102)
	at oracle.adfinternal.view.faces.renderkit.core.xhtml.BodyRenderer.encodeAll(BodyRenderer.java:60)
	at oracle.adfinternal.view.faces.renderkit.core.CoreRenderer.encodeEnd(CoreRenderer.java:159)
	at oracle.adf.view.faces.component.UIXComponentBase.encodeEnd(UIXComponentBase.java:624)
	at javax.faces.webapp.UIComponentTag.encodeEnd(UIComponentTag.java:623)
	at javax.faces.webapp.UIComponentTag.doEndTag(UIComponentTag.java:546)
	at oracle.adf.view.faces.webapp.UIXComponentTag.doEndTag(UIXComponentTag.java:100)
	at _app._SRMain_jspx._jspService(_SRMain_jspx.java:860)
	at com.orionserver[Oracle Containers for J2EE 10g (10.1.3.0.0) ].http.OrionHttpJspPage.service(OrionHttpJspPage.java:60)
	at oracle.jsp.runtimev2.JspPageTable.service(JspPageTable.java:416)
	at oracle.jsp.runtimev2.JspServlet.internalService(JspServlet.java:478)
	at oracle.jsp.runtimev2.JspServlet.service(JspServlet.java:401)
	at javax.servlet.http.HttpServlet.service(HttpServlet.java:856)
	at com.evermind[Oracle Containers for J2EE 10g (10.1.3.0.0) ].server.http.ServletRequestDispatcher.invoke(ServletRequestDispatcher.java:729)
	at com.evermind[Oracle Containers for J2EE 10g (10.1.3.0.0) ].server.http.ServletRequestDispatcher.forwardInternal(ServletRequestDispatcher.java:386)
	at com.evermind[Oracle Containers for J2EE 10g (10.1.3.0.0) ].server.http.ServletRequestDispatcher.unprivileged_forward(ServletRequestDispatcher.java:308)
	at com.evermind[Oracle Containers for J2EE 10g (10.1.3.0.0) ].server.http.ServletRequestDispatcher.access$100(ServletRequestDispatcher.java:50)
	at com.evermind[Oracle Containers for J2EE 10g (10.1.3.0.0) ].server.http.ServletRequestDispatcher$2.oc4jRun(ServletRequestDispatcher.java:215)
	at oracle.oc4j.security.OC4JSecurity.doPrivileged(OC4JSecurity.java:283)
	at com.evermind[Oracle Containers for J2EE 10g (10.1.3.0.0) ].server.http.ServletRequestDispatcher.forward(ServletRequestDispatcher.java:219)
	at com.sun.faces.context.ExternalContextImpl.dispatch(ExternalContextImpl.java:322)
	at com.sun.faces.application.ViewHandlerImpl.renderView(ViewHandlerImpl.java:130)
	at oracle.adfinternal.view.faces.application.ViewHandlerImpl.renderView(ViewHandlerImpl.java:157)
	at com.sun.faces.lifecycle.RenderResponsePhase.execute(RenderResponsePhase.java:87)
	at com.sun.faces.lifecycle.LifecycleImpl.phase(LifecycleImpl.java:200)
	at com.sun.faces.lifecycle.LifecycleImpl.render(LifecycleImpl.java:117)
	at javax.faces.webapp.FacesServlet.service(FacesServlet.java:198)
	at com.evermind[Oracle Containers for J2EE 10g (10.1.3.0.0) ].server.http.ResourceFilterChain.doFilter(ResourceFilterChain.java:64)
	at oracle.adfinternal.view.faces.webapp.AdfFacesFilterImpl._invokeDoFilter(AdfFacesFilterImpl.java:367)
	at oracle.adfinternal.view.faces.webapp.AdfFacesFilterImpl._doFilterImpl(AdfFacesFilterImpl.java:336)
	at oracle.adfinternal.view.faces.webapp.AdfFacesFilterImpl.doFilter(AdfFacesFilterImpl.java:196)
	at oracle.adf.view.faces.webapp.AdfFacesFilter.doFilter(AdfFacesFilter.java:87)
	at com.evermind[Oracle Containers for J2EE 10g (10.1.3.0.0) ].server.http.EvermindFilterChain.doFilter(EvermindFilterChain.java:15)
	at oracle.adf.model.servlet.ADFBindingFilter.doFilter(ADFBindingFilter.java:332)
	at com.evermind[Oracle Containers for J2EE 10g (10.1.3.0.0) ].server.http.ServletRequestDispatcher.invoke(ServletRequestDispatcher.java:637)
	at com.evermind[Oracle Containers for J2EE 10g (10.1.3.0.0) ].server.http.ServletRequestDispatcher.forwardInternal(ServletRequestDispatcher.java:386)
	at com.evermind[Oracle Containers for J2EE 10g (10.1.3.0.0) ].server.http.HttpRequestHandler.doProcessRequest(HttpRequestHandler.java:879)
	at com.evermind[Oracle Containers for J2EE 10g (10.1.3.0.0) ].server.http.HttpRequestHandler.processRequest(HttpRequestHandler.java:451)
	at com.evermind[Oracle Containers for J2EE 10g (10.1.3.0.0) ].server.http.HttpRequestHandler.serveOneRequest(HttpRequestHandler.java:218)
	at com.evermind[Oracle Containers for J2EE 10g (10.1.3.0.0) ].server.http.HttpRequestHandler.run(HttpRequestHandler.java:119)
	at com.evermind[Oracle Containers for J2EE 10g (10.1.3.0.0) ].server.http.HttpRequestHandler.run(HttpRequestHandler.java:112)
	at oracle.oc4j.network.ServerSocketReadHandler$SafeRunnable.run(ServerSocketReadHandler.java:260)
	at oracle.oc4j.network.ServerSocketAcceptHandler.procClientSocket(ServerSocketAcceptHandler.java:230)
	at oracle.oc4j.network.ServerSocketAcceptHandler.access$800(ServerSocketAcceptHandler.java:33)
	at oracle.oc4j.network.ServerSocketAcceptHandler$AcceptHandlerHorse.run(ServerSocketAcceptHandler.java:831)
	at com.evermind[Oracle Containers for J2EE 10g (10.1.3.0.0) ].util.ReleasableResourcePooledExecutor$MyWorker.run(ReleasableResourcePooledExecutor.java:303)
	at java.lang.Thread.run(Thread.java:595)
06/01/19 12:03:55.999 SRDemo-UserInterface-webapp: 10.1.3.0.0 Stopped
06/01/19 12:03:56.980 10.1.3.0.0 Started
06/01/19 12:04:15.777 SRDemo-UserInterface-webapp: 10.1.3.0.0 Started
06/01/19 13:35:21.907 SRDemo-UserInterface-webapp: 10.1.3.0.0 Stopped
06/01/19 13:35:36.418 10.1.3.0.0 Started
06/01/19 13:36:29.114 SRDemo-UserInterface-webapp: 10.1.3.0.0 Started
06/01/19 15:02:37.526 10.1.3.0.0 Started
06/01/19 15:02:50.695 SRDemo-UserInterface-webapp: 10.1.3.0.0 Started
06/01/19 15:03:50.451 SRDemo-UserInterface-webapp: 10.1.3.0.0 Stopped
06/01/19 15:03:51.282 10.1.3.0.0 Started
06/01/19 15:04:02.788 SRDemo-UserInterface-webapp: 10.1.3.0.0 Started
06/01/19 15:34:01.111 10.1.3.0.0 Started
06/01/19 15:34:10.615 SRDemo-UserInterface-webapp: 10.1.3.0.0 Started
06/01/22 21:23:20.295 10.1.3.0.0 Started
06/01/22 21:23:41.886 SRDemo-UserInterface-webapp: 10.1.3.0.0 Started
06/01/23 08:55:39.85 10.1.3.0.0 Started
06/01/23 08:55:51.803 SRDemo-UserInterface-webapp: 10.1.3.0.0 Started
06/01/23 08:56:31.109 SRDemo-UserInterface-webapp: 10.1.3.0.0 Stopped
06/01/23 08:56:31.871 10.1.3.0.0 Started
06/01/23 08:56:41.304 SRDemo-UserInterface-webapp: 10.1.3.0.0 Started
06/01/23 08:56:56.646 SRDemo-UserInterface-webapp: Servlet error
java.lang.NullPointerException
	at com.sun.faces.context.ExternalContextImpl.dispatch(ExternalContextImpl.java:322)
	at com.sun.faces.application.ViewHandlerImpl.renderView(ViewHandlerImpl.java:130)
	at oracle.adfinternal.view.faces.application.ViewHandlerImpl.renderView(ViewHandlerImpl.java:157)
	at com.sun.faces.lifecycle.RenderResponsePhase.execute(RenderResponsePhase.java:87)
	at com.sun.faces.lifecycle.LifecycleImpl.phase(LifecycleImpl.java:200)
	at com.sun.faces.lifecycle.LifecycleImpl.render(LifecycleImpl.java:117)
	at javax.faces.webapp.FacesServlet.service(FacesServlet.java:198)
	at com.evermind[Oracle Containers for J2EE 10g (10.1.3.0.0) ].server.http.ResourceFilterChain.doFilter(ResourceFilterChain.java:64)
	at oracle.adfinternal.view.faces.webapp.AdfFacesFilterImpl._invokeDoFilter(AdfFacesFilterImpl.java:367)
	at oracle.adfinternal.view.faces.webapp.AdfFacesFilterImpl._doFilterImpl(AdfFacesFilterImpl.java:336)
	at oracle.adfinternal.view.faces.webapp.AdfFacesFilterImpl.doFilter(AdfFacesFilterImpl.java:196)
	at oracle.adf.view.faces.webapp.AdfFacesFilter.doFilter(AdfFacesFilter.java:87)
	at com.evermind[Oracle Containers for J2EE 10g (10.1.3.0.0) ].server.http.ServletRequestDispatcher.invoke(ServletRequestDispatcher.java:629)
	at com.evermind[Oracle Containers for J2EE 10g (10.1.3.0.0) ].server.http.ServletRequestDispatcher.forwardInternal(ServletRequestDispatcher.java:376)
	at com.evermind[Oracle Containers for J2EE 10g (10.1.3.0.0) ].server.http.HttpRequestHandler.doProcessRequest(HttpRequestHandler.java:870)
	at com.evermind[Oracle Containers for J2EE 10g (10.1.3.0.0) ].server.http.HttpRequestHandler.processRequest(HttpRequestHandler.java:451)
	at com.evermind[Oracle Containers for J2EE 10g (10.1.3.0.0) ].server.http.HttpRequestHandler.serveOneRequest(HttpRequestHandler.java:218)
	at com.evermind[Oracle Containers for J2EE 10g (10.1.3.0.0) ].server.http.HttpRequestHandler.run(HttpRequestHandler.java:119)
	at com.evermind[Oracle Containers for J2EE 10g (10.1.3.0.0) ].server.http.HttpRequestHandler.run(HttpRequestHandler.java:112)
	at oracle.oc4j.network.ServerSocketReadHandler$SafeRunnable.run(ServerSocketReadHandler.java:260)
	at com.evermind[Oracle Containers for J2EE 10g (10.1.3.0.0) ].util.ReleasableResourcePooledExecutor$MyWorker.run(ReleasableResourcePooledExecutor.java:303)
	at java.lang.Thread.run(Thread.java:595)
06/01/23 09:11:05.787 SRDemo-UserInterface-webapp: 10.1.3.0.0 Stopped
06/01/23 09:11:06.218 10.1.3.0.0 Started
06/01/23 09:11:16.232 SRDemo-UserInterface-webapp: 10.1.3.0.0 Started
06/01/23 09:18:04.59 SRDemo-UserInterface-webapp: 10.1.3.0.0 Stopped
06/01/23 09:18:04.659 10.1.3.0.0 Started
06/01/23 09:18:14.854 SRDemo-UserInterface-webapp: 10.1.3.0.0 Started
06/01/23 09:18:25.760 SRDemo-UserInterface-webapp: JspServlet: unable to dispatch to requested page: java.io.FileNotFoundException: D:\curriculum\workshops\adfSource\starterApp\rescueMe\SRDemo-EndOfChapter8\SRDemo\UserInterface\public_html\app\SRCreateConfirm.jspx (The system cannot find the file specified.
)
	at java.io.FileInputStream.open(Native Method)
	at java.io.FileInputStream.<init>(FileInputStream.java:106)
	at java.io.FileInputStream.<init>(FileInputStream.java:66)
	at oracle.jsp.provider.JspFilesystemResource.fromStream(JspFilesystemResource.java:149)
	at oracle.jsp.parse.XMLUtil.getFromStream(XMLUtil.java:227)
	at oracle.jsp.runtimev2.JspPageCompiler.compilePage(JspPageCompiler.java:341)
	at oracle.jsp.runtimev2.JspPageInfo.compileAndLoad(JspPageInfo.java:610)
	at oracle.jsp.runtimev2.JspPageTable.compileAndServe(JspPageTable.java:634)
	at oracle.jsp.runtimev2.JspPageTable.service(JspPageTable.java:370)
	at oracle.jsp.runtimev2.JspServlet.internalService(JspServlet.java:478)
	at oracle.jsp.runtimev2.JspServlet.service(JspServlet.java:401)
	at javax.servlet.http.HttpServlet.service(HttpServlet.java:856)
	at com.evermind.server.http.ServletRequestDispatcher.invoke(ServletRequestDispatcher.java:719)
	at com.evermind.server.http.ServletRequestDispatcher.forwardInternal(ServletRequestDispatcher.java:376)
	at com.evermind.server.http.ServletRequestDispatcher.unprivileged_forward(ServletRequestDispatcher.java:298)
	at com.evermind.server.http.ServletRequestDispatcher.access$100(ServletRequestDispatcher.java:42)
	at com.evermind.server.http.ServletRequestDispatcher$2.oc4jRun(ServletRequestDispatcher.java:205)
	at oracle.oc4j.security.OC4JSecurity.doPrivileged(OC4JSecurity.java:283)
	at com.evermind.server.http.ServletRequestDispatcher.forward(ServletRequestDispatcher.java:209)
	at com.sun.faces.context.ExternalContextImpl.dispatch(ExternalContextImpl.java:322)
	at com.sun.faces.application.ViewHandlerImpl.renderView(ViewHandlerImpl.java:130)
	at oracle.adfinternal.view.faces.application.ViewHandlerImpl.renderView(ViewHandlerImpl.java:157)
	at com.sun.faces.lifecycle.RenderResponsePhase.execute(RenderResponsePhase.java:87)
	at com.sun.faces.lifecycle.LifecycleImpl.phase(LifecycleImpl.java:200)
	at com.sun.faces.lifecycle.LifecycleImpl.render(LifecycleImpl.java:117)
	at javax.faces.webapp.FacesServlet.service(FacesServlet.java:198)
	at com.evermind.server.http.ResourceFilterChain.doFilter(ResourceFilterChain.java:64)
	at oracle.adfinternal.view.faces.webapp.AdfFacesFilterImpl._invokeDoFilter(AdfFacesFilterImpl.java:367)
	at oracle.adfinternal.view.faces.webapp.AdfFacesFilterImpl._doFilterImpl(AdfFacesFilterImpl.java:336)
	at oracle.adfinternal.view.faces.webapp.AdfFacesFilterImpl.doFilter(AdfFacesFilterImpl.java:196)
	at oracle.adf.view.faces.webapp.AdfFacesFilter.doFilter(AdfFacesFilter.java:87)
	at com.evermind.server.http.EvermindFilterChain.doFilter(EvermindFilterChain.java:15)
	at oracle.adf.model.servlet.ADFBindingFilter.doFilter(ADFBindingFilter.java:332)
	at com.evermind.server.http.ServletRequestDispatcher.invoke(ServletRequestDispatcher.java:627)
	at com.evermind.server.http.ServletRequestDispatcher.forwardInternal(ServletRequestDispatcher.java:376)
	at com.evermind.server.http.HttpRequestHandler.doProcessRequest(HttpRequestHandler.java:870)
	at com.evermind.server.http.HttpRequestHandler.processRequest(HttpRequestHandler.java:451)
	at com.evermind.server.http.HttpRequestHandler.serveOneRequest(HttpRequestHandler.java:218)
	at com.evermind.server.http.HttpRequestHandler.run(HttpRequestHandler.java:119)
	at com.evermind.server.http.HttpRequestHandler.run(HttpRequestHandler.java:112)
	at oracle.oc4j.network.ServerSocketReadHandler$SafeRunnable.run(ServerSocketReadHandler.java:260)
	at oracle.oc4j.network.ServerSocketAcceptHandler.procClientSocket(ServerSocketAcceptHandler.java:230)
	at oracle.oc4j.network.ServerSocketAcceptHandler.access$800(ServerSocketAcceptHandler.java:33)
	at oracle.oc4j.network.ServerSocketAcceptHandler$AcceptHandlerHorse.run(ServerSocketAcceptHandler.java:831)
	at com.evermind.util.ReleasableResourcePooledExecutor$MyWorker.run(ReleasableResourcePooledExecutor.java:303)
	at java.lang.Thread.run(Thread.java:595)

06/01/23 09:43:13.589 SRDemo-UserInterface-webapp: 10.1.3.0.0 Stopped
06/01/23 09:43:14.651 10.1.3.0.0 Started
06/01/23 09:43:24.455 SRDemo-UserInterface-webapp: 10.1.3.0.0 Started
06/01/23 09:43:35.330 SRDemo-UserInterface-webapp: JspServlet: unable to dispatch to requested page: java.io.FileNotFoundException: D:\curriculum\workshops\adfSource\starterApp\rescueMe\SRDemo-EndOfChapter8\SRDemo\UserInterface\public_html\app\SRCreateConfirm.jspx (The system cannot find the file specified.
)
	at java.io.FileInputStream.open(Native Method)
	at java.io.FileInputStream.<init>(FileInputStream.java:106)
	at java.io.FileInputStream.<init>(FileInputStream.java:66)
	at oracle.jsp.provider.JspFilesystemResource.fromStream(JspFilesystemResource.java:149)
	at oracle.jsp.parse.XMLUtil.getFromStream(XMLUtil.java:227)
	at oracle.jsp.runtimev2.JspPageCompiler.compilePage(JspPageCompiler.java:341)
	at oracle.jsp.runtimev2.JspPageInfo.compileAndLoad(JspPageInfo.java:610)
	at oracle.jsp.runtimev2.JspPageTable.compileAndServe(JspPageTable.java:634)
	at oracle.jsp.runtimev2.JspPageTable.service(JspPageTable.java:370)
	at oracle.jsp.runtimev2.JspServlet.internalService(JspServlet.java:478)
	at oracle.jsp.runtimev2.JspServlet.service(JspServlet.java:401)
	at javax.servlet.http.HttpServlet.service(HttpServlet.java:856)
	at com.evermind.server.http.ServletRequestDispatcher.invoke(ServletRequestDispatcher.java:719)
	at com.evermind.server.http.ServletRequestDispatcher.forwardInternal(ServletRequestDispatcher.java:376)
	at com.evermind.server.http.ServletRequestDispatcher.unprivileged_forward(ServletRequestDispatcher.java:298)
	at com.evermind.server.http.ServletRequestDispatcher.access$100(ServletRequestDispatcher.java:42)
	at com.evermind.server.http.ServletRequestDispatcher$2.oc4jRun(ServletRequestDispatcher.java:205)
	at oracle.oc4j.security.OC4JSecurity.doPrivileged(OC4JSecurity.java:283)
	at com.evermind.server.http.ServletRequestDispatcher.forward(ServletRequestDispatcher.java:209)
	at com.sun.faces.context.ExternalContextImpl.dispatch(ExternalContextImpl.java:322)
	at com.sun.faces.application.ViewHandlerImpl.renderView(ViewHandlerImpl.java:130)
	at oracle.adfinternal.view.faces.application.ViewHandlerImpl.renderView(ViewHandlerImpl.java:157)
	at com.sun.faces.lifecycle.RenderResponsePhase.execute(RenderResponsePhase.java:87)
	at com.sun.faces.lifecycle.LifecycleImpl.phase(LifecycleImpl.java:200)
	at com.sun.faces.lifecycle.LifecycleImpl.render(LifecycleImpl.java:117)
	at javax.faces.webapp.FacesServlet.service(FacesServlet.java:198)
	at com.evermind.server.http.ResourceFilterChain.doFilter(ResourceFilterChain.java:64)
	at oracle.adfinternal.view.faces.webapp.AdfFacesFilterImpl._invokeDoFilter(AdfFacesFilterImpl.java:367)
	at oracle.adfinternal.view.faces.webapp.AdfFacesFilterImpl._doFilterImpl(AdfFacesFilterImpl.java:336)
	at oracle.adfinternal.view.faces.webapp.AdfFacesFilterImpl.doFilter(AdfFacesFilterImpl.java:196)
	at oracle.adf.view.faces.webapp.AdfFacesFilter.doFilter(AdfFacesFilter.java:87)
	at com.evermind.server.http.EvermindFilterChain.doFilter(EvermindFilterChain.java:15)
	at oracle.adf.model.servlet.ADFBindingFilter.doFilter(ADFBindingFilter.java:332)
	at com.evermind.server.http.ServletRequestDispatcher.invoke(ServletRequestDispatcher.java:627)
	at com.evermind.server.http.ServletRequestDispatcher.forwardInternal(ServletRequestDispatcher.java:376)
	at com.evermind.server.http.HttpRequestHandler.doProcessRequest(HttpRequestHandler.java:870)
	at com.evermind.server.http.HttpRequestHandler.processRequest(HttpRequestHandler.java:451)
	at com.evermind.server.http.HttpRequestHandler.serveOneRequest(HttpRequestHandler.java:218)
	at com.evermind.server.http.HttpRequestHandler.run(HttpRequestHandler.java:119)
	at com.evermind.server.http.HttpRequestHandler.run(HttpRequestHandler.java:112)
	at oracle.oc4j.network.ServerSocketReadHandler$SafeRunnable.run(ServerSocketReadHandler.java:260)
	at oracle.oc4j.network.ServerSocketAcceptHandler.procClientSocket(ServerSocketAcceptHandler.java:230)
	at oracle.oc4j.network.ServerSocketAcceptHandler.access$800(ServerSocketAcceptHandler.java:33)
	at oracle.oc4j.network.ServerSocketAcceptHandler$AcceptHandlerHorse.run(ServerSocketAcceptHandler.java:831)
	at com.evermind.util.ReleasableResourcePooledExecutor$MyWorker.run(ReleasableResourcePooledExecutor.java:303)
	at java.lang.Thread.run(Thread.java:595)

06/01/23 10:32:36.680 10.1.3.0.0 Started
06/01/23 10:32:46.674 SRDemo-UserInterface-webapp: 10.1.3.0.0 Started
06/01/23 10:35:54.164 SRDemo-UserInterface-webapp: 10.1.3.0.0 Stopped
06/01/23 10:35:54.935 10.1.3.0.0 Started
06/01/23 10:36:04.469 SRDemo-UserInterface-webapp: 10.1.3.0.0 Started
06/01/23 10:37:40.897 10.1.3.0.0 Started
06/01/23 10:37:51.433 SRDemo-UserInterface-webapp: 10.1.3.0.0 Started
06/01/23 10:38:08.767 SRDemo-UserInterface-webapp: JspServlet: unable to dispatch to requested page: java.io.FileNotFoundException: D:\curriculum\workshops\adfSource\starterApp\rescueMe\SRDemo-EndOfChapter9\SRDemo-EndOfChapter9\SRDemo\UserInterface\public_html\app\SRCreateDone.jspx (The system cannot find the file specified.
)
	at java.io.FileInputStream.open(Native Method)
	at java.io.FileInputStream.<init>(FileInputStream.java:106)
	at java.io.FileInputStream.<init>(FileInputStream.java:66)
	at oracle.jsp.provider.JspFilesystemResource.fromStream(JspFilesystemResource.java:149)
	at oracle.jsp.parse.XMLUtil.getFromStream(XMLUtil.java:227)
	at oracle.jsp.runtimev2.JspPageCompiler.compilePage(JspPageCompiler.java:341)
	at oracle.jsp.runtimev2.JspPageInfo.compileAndLoad(JspPageInfo.java:610)
	at oracle.jsp.runtimev2.JspPageTable.compileAndServe(JspPageTable.java:634)
	at oracle.jsp.runtimev2.JspPageTable.service(JspPageTable.java:370)
	at oracle.jsp.runtimev2.JspServlet.internalService(JspServlet.java:478)
	at oracle.jsp.runtimev2.JspServlet.service(JspServlet.java:401)
	at javax.servlet.http.HttpServlet.service(HttpServlet.java:856)
	at com.evermind.server.http.ServletRequestDispatcher.invoke(ServletRequestDispatcher.java:719)
	at com.evermind.server.http.ServletRequestDispatcher.forwardInternal(ServletRequestDispatcher.java:376)
	at com.evermind.server.http.ServletRequestDispatcher.unprivileged_forward(ServletRequestDispatcher.java:298)
	at com.evermind.server.http.ServletRequestDispatcher.access$100(ServletRequestDispatcher.java:42)
	at com.evermind.server.http.ServletRequestDispatcher$2.oc4jRun(ServletRequestDispatcher.java:205)
	at oracle.oc4j.security.OC4JSecurity.doPrivileged(OC4JSecurity.java:283)
	at com.evermind.server.http.ServletRequestDispatcher.forward(ServletRequestDispatcher.java:209)
	at com.sun.faces.context.ExternalContextImpl.dispatch(ExternalContextImpl.java:322)
	at com.sun.faces.application.ViewHandlerImpl.renderView(ViewHandlerImpl.java:130)
	at oracle.adfinternal.view.faces.application.ViewHandlerImpl.renderView(ViewHandlerImpl.java:157)
	at com.sun.faces.lifecycle.RenderResponsePhase.execute(RenderResponsePhase.java:87)
	at com.sun.faces.lifecycle.LifecycleImpl.phase(LifecycleImpl.java:200)
	at com.sun.faces.lifecycle.LifecycleImpl.render(LifecycleImpl.java:117)
	at javax.faces.webapp.FacesServlet.service(FacesServlet.java:198)
	at com.evermind.server.http.ResourceFilterChain.doFilter(ResourceFilterChain.java:64)
	at oracle.adfinternal.view.faces.webapp.AdfFacesFilterImpl._invokeDoFilter(AdfFacesFilterImpl.java:367)
	at oracle.adfinternal.view.faces.webapp.AdfFacesFilterImpl._doFilterImpl(AdfFacesFilterImpl.java:336)
	at oracle.adfinternal.view.faces.webapp.AdfFacesFilterImpl.doFilter(AdfFacesFilterImpl.java:196)
	at oracle.adf.view.faces.webapp.AdfFacesFilter.doFilter(AdfFacesFilter.java:87)
	at com.evermind.server.http.EvermindFilterChain.doFilter(EvermindFilterChain.java:15)
	at oracle.adf.model.servlet.ADFBindingFilter.doFilter(ADFBindingFilter.java:332)
	at com.evermind.server.http.ServletRequestDispatcher.invoke(ServletRequestDispatcher.java:627)
	at com.evermind.server.http.ServletRequestDispatcher.forwardInternal(ServletRequestDispatcher.java:376)
	at com.evermind.server.http.HttpRequestHandler.doProcessRequest(HttpRequestHandler.java:870)
	at com.evermind.server.http.HttpRequestHandler.processRequest(HttpRequestHandler.java:451)
	at com.evermind.server.http.HttpRequestHandler.serveOneRequest(HttpRequestHandler.java:218)
	at com.evermind.server.http.HttpRequestHandler.run(HttpRequestHandler.java:119)
	at com.evermind.server.http.HttpRequestHandler.run(HttpRequestHandler.java:112)
	at oracle.oc4j.network.ServerSocketReadHandler$SafeRunnable.run(ServerSocketReadHandler.java:260)
	at com.evermind.util.ReleasableResourcePooledExecutor$MyWorker.run(ReleasableResourcePooledExecutor.java:303)
	at java.lang.Thread.run(Thread.java:595)

06/01/23 10:48:30.81 10.1.3.0.0 Started
06/01/23 10:48:48.618 SRDemo-UserInterface-webapp: 10.1.3.0.0 Started
06/01/23 11:01:15.632 10.1.3.0.0 Started
06/01/23 11:01:33.357 SRDemo-UserInterface-webapp: 10.1.3.0.0 Started
06/01/23 11:03:14.443 SRDemo-UserInterface-webapp: JspServlet: unable to dispatch to requested page: java.io.FileNotFoundException: D:\curriculum\workshops\adfSource\starterApp\rescueMe\SRDemo-EndOfChapter9\SRDemo-EndOfChapter9\SRDemo\UserInterface\public_html\app\SRCreateDone.jspx (The system cannot find the file specified.
)
	at java.io.FileInputStream.open(Native Method)
	at java.io.FileInputStream.<init>(FileInputStream.java:106)
	at java.io.FileInputStream.<init>(FileInputStream.java:66)
	at oracle.jsp.provider.JspFilesystemResource.fromStream(JspFilesystemResource.java:150)
	at oracle.jsp.parse.XMLUtil.getFromStream(XMLUtil.java:228)
	at oracle.jsp.runtimev2.JspPageCompiler.compilePage(JspPageCompiler.java:341)
	at oracle.jsp.runtimev2.JspPageInfo.compileAndLoad(JspPageInfo.java:610)
	at oracle.jsp.runtimev2.JspPageTable.compileAndServe(JspPageTable.java:634)
	at oracle.jsp.runtimev2.JspPageTable.service(JspPageTable.java:370)
	at oracle.jsp.runtimev2.JspServlet.internalService(JspServlet.java:478)
	at oracle.jsp.runtimev2.JspServlet.service(JspServlet.java:401)
	at javax.servlet.http.HttpServlet.service(HttpServlet.java:856)
	at com.evermind.server.http.ServletRequestDispatcher.invoke(ServletRequestDispatcher.java:719)
	at com.evermind.server.http.ServletRequestDispatcher.forwardInternal(ServletRequestDispatcher.java:376)
	at com.evermind.server.http.ServletRequestDispatcher.unprivileged_forward(ServletRequestDispatcher.java:298)
	at com.evermind.server.http.ServletRequestDispatcher.access$100(ServletRequestDispatcher.java:42)
	at com.evermind.server.http.ServletRequestDispatcher$2.oc4jRun(ServletRequestDispatcher.java:204)
	at oracle.oc4j.security.OC4JSecurity.doPrivileged(OC4JSecurity.java:283)
	at com.evermind.server.http.ServletRequestDispatcher.forward(ServletRequestDispatcher.java:209)
	at com.sun.faces.context.ExternalContextImpl.dispatch(ExternalContextImpl.java:322)
	at com.sun.faces.application.ViewHandlerImpl.renderView(ViewHandlerImpl.java:130)
	at oracle.adfinternal.view.faces.application.ViewHandlerImpl.renderView(ViewHandlerImpl.java:157)
	at com.sun.faces.lifecycle.RenderResponsePhase.execute(RenderResponsePhase.java:87)
	at com.sun.faces.lifecycle.LifecycleImpl.phase(LifecycleImpl.java:200)
	at com.sun.faces.lifecycle.LifecycleImpl.render(LifecycleImpl.java:117)
	at javax.faces.webapp.FacesServlet.service(FacesServlet.java:198)
	at com.evermind.server.http.ResourceFilterChain.doFilter(ResourceFilterChain.java:64)
	at oracle.adfinternal.view.faces.webapp.AdfFacesFilterImpl._invokeDoFilter(AdfFacesFilterImpl.java:367)
	at oracle.adfinternal.view.faces.webapp.AdfFacesFilterImpl._doFilterImpl(AdfFacesFilterImpl.java:336)
	at oracle.adfinternal.view.faces.webapp.AdfFacesFilterImpl.doFilter(AdfFacesFilterImpl.java:196)
	at oracle.adf.view.faces.webapp.AdfFacesFilter.doFilter(AdfFacesFilter.java:87)
	at com.evermind.server.http.EvermindFilterChain.doFilter(EvermindFilterChain.java:15)
	at oracle.adf.model.servlet.ADFBindingFilter.doFilter(ADFBindingFilter.java:332)
	at com.evermind.server.http.ServletRequestDispatcher.invoke(ServletRequestDispatcher.java:627)
	at com.evermind.server.http.ServletRequestDispatcher.forwardInternal(ServletRequestDispatcher.java:376)
	at com.evermind.server.http.HttpRequestHandler.doProcessRequest(HttpRequestHandler.java:870)
	at com.evermind.server.http.HttpRequestHandler.processRequest(HttpRequestHandler.java:451)
	at com.evermind.server.http.HttpRequestHandler.serveOneRequest(HttpRequestHandler.java:218)
	at com.evermind.server.http.HttpRequestHandler.run(HttpRequestHandler.java:119)
	at com.evermind.server.http.HttpRequestHandler.run(HttpRequestHandler.java:112)
	at oracle.oc4j.network.ServerSocketReadHandler$SafeRunnable.run(ServerSocketReadHandler.java:260)
	at oracle.oc4j.network.ServerSocketAcceptHandler.procClientSocket(ServerSocketAcceptHandler.java:230)
	at oracle.oc4j.network.ServerSocketAcceptHandler.access$800(ServerSocketAcceptHandler.java:33)
	at oracle.oc4j.network.ServerSocketAcceptHandler$AcceptHandlerHorse.run(ServerSocketAcceptHandler.java:831)
	at com.evermind.util.ReleasableResourcePooledExecutor$MyWorker.run(ReleasableResourcePooledExecutor.java:303)
	at java.lang.Thread.run(Thread.java:595)

06/01/23 11:17:06.729 10.1.3.0.0 Started
06/01/23 11:17:21.721 10.1.3.0.0 Started
06/01/23 12:03:02.252 10.1.3.0.0 Started
06/01/23 12:03:11.925 SRDemo-UserInterface-webapp: 10.1.3.0.0 Started
06/01/23 12:03:33.737 SRDemo-UserInterface-webapp: 10.1.3.0.0 Stopped
06/01/23 12:03:34.438 10.1.3.0.0 Started
06/01/23 12:03:43.431 SRDemo-UserInterface-webapp: 10.1.3.0.0 Started
06/01/23 12:11:21.840 SRDemo-UserInterface-webapp: 10.1.3.0.0 Stopped
06/01/23 12:11:22.381 10.1.3.0.0 Started
06/01/23 12:11:32.645 SRDemo-UserInterface-webapp: 10.1.3.0.0 Started
06/01/23 12:13:55.871 SRDemo-UserInterface-webapp: Servlet error
javax.faces.FacesException: #{backing_SRFaq.closeFAQ_action}: javax.faces.el.MethodNotFoundException: closeFAQ_action
	at com.sun.faces.application.ActionListenerImpl.processAction(ActionListenerImpl.java:74)
	at oracle.adf.view.faces.component.UIXCommand.broadcast(UIXCommand.java:211)
	at javax.faces.component.UIViewRoot.broadcastEvents(UIViewRoot.java:267)
	at javax.faces.component.UIViewRoot.processApplication(UIViewRoot.java:381)
	at com.sun.faces.lifecycle.InvokeApplicationPhase.execute(InvokeApplicationPhase.java:75)
	at com.sun.faces.lifecycle.LifecycleImpl.phase(LifecycleImpl.java:200)
	at com.sun.faces.lifecycle.LifecycleImpl.execute(LifecycleImpl.java:90)
	at javax.faces.webapp.FacesServlet.service(FacesServlet.java:197)
	at com.evermind[Oracle Containers for J2EE 10g (10.1.3.0.0) ].server.http.ResourceFilterChain.doFilter(ResourceFilterChain.java:64)
	at oracle.adfinternal.view.faces.webapp.AdfFacesFilterImpl._invokeDoFilter(AdfFacesFilterImpl.java:367)
	at oracle.adfinternal.view.faces.webapp.AdfFacesFilterImpl._doFilterImpl(AdfFacesFilterImpl.java:336)
	at oracle.adfinternal.view.faces.webapp.AdfFacesFilterImpl.doFilter(AdfFacesFilterImpl.java:196)
	at oracle.adf.view.faces.webapp.AdfFacesFilter.doFilter(AdfFacesFilter.java:87)
	at com.evermind[Oracle Containers for J2EE 10g (10.1.3.0.0) ].server.http.EvermindFilterChain.doFilter(EvermindFilterChain.java:15)
	at oracle.adf.model.servlet.ADFBindingFilter.doFilter(ADFBindingFilter.java:332)
	at com.evermind[Oracle Containers for J2EE 10g (10.1.3.0.0) ].server.http.ServletRequestDispatcher.invoke(ServletRequestDispatcher.java:627)
	at com.evermind[Oracle Containers for J2EE 10g (10.1.3.0.0) ].server.http.ServletRequestDispatcher.forwardInternal(ServletRequestDispatcher.java:376)
	at com.evermind[Oracle Containers for J2EE 10g (10.1.3.0.0) ].server.http.HttpRequestHandler.doProcessRequest(HttpRequestHandler.java:870)
	at com.evermind[Oracle Containers for J2EE 10g (10.1.3.0.0) ].server.http.HttpRequestHandler.processRequest(HttpRequestHandler.java:451)
	at com.evermind[Oracle Containers for J2EE 10g (10.1.3.0.0) ].server.http.HttpRequestHandler.serveOneRequest(HttpRequestHandler.java:218)
	at com.evermind[Oracle Containers for J2EE 10g (10.1.3.0.0) ].server.http.HttpRequestHandler.run(HttpRequestHandler.java:119)
	at com.evermind[Oracle Containers for J2EE 10g (10.1.3.0.0) ].server.http.HttpRequestHandler.run(HttpRequestHandler.java:112)
	at oracle.oc4j.network.ServerSocketReadHandler$SafeRunnable.run(ServerSocketReadHandler.java:260)
	at oracle.oc4j.network.ServerSocketAcceptHandler.procClientSocket(ServerSocketAcceptHandler.java:230)
	at oracle.oc4j.network.ServerSocketAcceptHandler.access$800(ServerSocketAcceptHandler.java:33)
	at oracle.oc4j.network.ServerSocketAcceptHandler$AcceptHandlerHorse.run(ServerSocketAcceptHandler.java:831)
	at com.evermind[Oracle Containers for J2EE 10g (10.1.3.0.0) ].util.ReleasableResourcePooledExecutor$MyWorker.run(ReleasableResourcePooledExecutor.java:303)
	at java.lang.Thread.run(Thread.java:595)
Caused by: javax.faces.el.MethodNotFoundException: closeFAQ_action
	at com.sun.faces.el.MethodBindingImpl.method(MethodBindingImpl.java:199)
	at com.sun.faces.el.MethodBindingImpl.invoke(MethodBindingImpl.java:124)
	at com.sun.faces.application.ActionListenerImpl.processAction(ActionListenerImpl.java:72)
	... 27 more
06/01/23 12:19:04.736 SRDemo-UserInterface-webapp: 10.1.3.0.0 Stopped
06/01/23 12:19:05.156 10.1.3.0.0 Started
06/01/23 12:19:15.291 SRDemo-UserInterface-webapp: 10.1.3.0.0 Started
06/01/23 12:30:23.251 SRDemo-UserInterface-webapp: 10.1.3.0.0 Stopped
06/01/23 12:30:24.183 10.1.3.0.0 Started
06/01/23 12:30:34.527 SRDemo-UserInterface-webapp: 10.1.3.0.0 Started
06/01/23 12:30:56.229 SRDemo-UserInterface-webapp: 10.1.3.0.0 Stopped
06/01/23 12:30:56.859 10.1.3.0.0 Started
06/01/23 12:31:07.305 SRDemo-UserInterface-webapp: 10.1.3.0.0 Started
06/01/23 12:36:03.851 SRDemo-UserInterface-webapp: 10.1.3.0.0 Stopped
06/01/23 12:36:04.272 10.1.3.0.0 Started
06/01/23 12:36:15.458 SRDemo-UserInterface-webapp: 10.1.3.0.0 Started
06/01/23 12:37:41.81 SRDemo-UserInterface-webapp: 10.1.3.0.0 Stopped
06/01/23 12:37:42.423 10.1.3.0.0 Started
06/01/23 12:37:53.128 SRDemo-UserInterface-webapp: 10.1.3.0.0 Started
06/01/23 12:41:29.29 SRDemo-UserInterface-webapp: 10.1.3.0.0 Stopped
06/01/23 12:41:29.479 10.1.3.0.0 Started
06/01/23 12:41:40.866 SRDemo-UserInterface-webapp: 10.1.3.0.0 Started
06/01/23 12:45:43.504 SRDemo-UserInterface-webapp: 10.1.3.0.0 Stopped
06/01/23 12:45:44.876 10.1.3.0.0 Started
06/01/23 12:47:21.175 10.1.3.0.0 Started
06/01/23 12:47:31.610 SRDemo-UserInterface-webapp: 10.1.3.0.0 Started
06/01/23 13:30:47.312 SRDemo-UserInterface-webapp: 10.1.3.0.0 Stopped
06/01/23 13:30:47.883 10.1.3.0.0 Started
06/01/23 13:30:57.827 SRDemo-UserInterface-webapp: 10.1.3.0.0 Started
